2025-04-23 23:03:16.141 INFO     [pyrmethus_bot_BCH_USDT:3793] Validating pair: BCH/USDT...
2025-04-23 23:03:16.141 DEBUG    [pyrmethus_bot_BCH_USDT:1423] Retrieving market details for symbol: BCH/USDT...
2025-04-23 23:03:16.142 DEBUG    [pyrmethus_bot_BCH_USDT:1455] Raw market data found for BCH/USDT. Parsing and standardizing...
2025-04-23 23:03:16.142 DEBUG    [pyrmethus_bot_BCH_USDT:1533] Market Details Parsed (BCH/USDT): Type=Spot, Active=True
  Precision (Amount/Price Step): 0.001 / 0.1
  Limits    (Amount Min/Max) : 0.003 / 7707.1291
  Limits    (Cost Min/Max)   : 5 / 2E+6
  Contract Size: 1
2025-04-23 23:03:16.142 INFO     [pyrmethus_bot_BCH_USDT:3797]  -> [92mBCH/USDT is valid and active on bybit.[0m
2025-04-23 23:03:16.143 INFO     [pyrmethus_bot_BCH_USDT:3120] Strategy Engine initialized for BCH/USDT with min data length ~1000
2025-04-23 23:03:16.143 DEBUG    [pyrmethus_bot_BCH_USDT:3121]   Params: VT Len=40, ATR Period=200, Vol EMA=950, ATR Mult=3.0, OB Src=Wicks, Pivots L/R=(10/10, 10/10), Extend=True, Max Boxes=50
2025-04-23 23:03:16.144 INFO     [pyrmethus_bot_BCH_USDT:3269] Signal Generator initialized for BCH/USDT
2025-04-23 23:03:16.144 DEBUG    [pyrmethus_bot_BCH_USDT:3270]   Params: Entry Prox=1.005, Exit Prox=1.001, SL Mult=1.8, TP Mult=0.7
2025-04-23 23:03:16.145 INFO     [pyrmethus_bot_BCH_USDT:3805]  -> Strategy and Signal Generator initialized for BCH/USDT.
2025-04-23 23:03:16.147 INFO     [pyrmethus_bot_BCH_USDT:3416] --- Starting Analysis & Trading Cycle for: BCH/USDT ---
2025-04-23 23:03:16.147 INFO     [pyrmethus_bot_BCH_USDT:1102] [36m# Fetching klines for BCH/USDT | Timeframe: 5m | Target Limit: 1010...[0m
2025-04-23 23:03:16.147 DEBUG    [pyrmethus_bot_BCH_USDT:1121] Estimated minimum candles required by strategy: ~1000
2025-04-23 23:03:16.148 DEBUG    [pyrmethus_bot_BCH_USDT:1138] Using API parameters: category='spot', market ID='BCHUSDT'.
2025-04-23 23:03:16.148 DEBUG    [pyrmethus_bot_BCH_USDT:1155] Fetching kline chunk 1/4 (1000 candles) for BCH/USDT. Ending before TS: Latest
2025-04-23 23:03:16.148 DEBUG    [pyrmethus_bot_BCH_USDT:1177] Calling fetch_ohlcv with args: {'symbol': 'BCH/USDT', 'timeframe': '5m', 'limit': 1000, 'params': {'category': 'spot'}}
2025-04-23 23:03:16.746 DEBUG    [pyrmethus_bot_BCH_USDT:1180] API returned 1000 candles for chunk 1.
2025-04-23 23:03:16.748 DEBUG    [pyrmethus_bot_BCH_USDT:1204] Lag check passed (BCH/USDT): Last candle 196.7s old (within limit).
2025-04-23 23:03:17.250 DEBUG    [pyrmethus_bot_BCH_USDT:1155] Fetching kline chunk 2/4 (10 candles) for BCH/USDT. Ending before TS: 2025-04-20 11:44:59.999000+00:00
2025-04-23 23:03:17.250 DEBUG    [pyrmethus_bot_BCH_USDT:1177] Calling fetch_ohlcv with args: {'symbol': 'BCH/USDT', 'timeframe': '5m', 'limit': 10, 'params': {'category': 'spot'}, 'until': 1745149499999}
2025-04-23 23:03:17.251 ERROR    [pyrmethus_bot_BCH_USDT:1261] [91mUnexpected error fetching klines chunk 2 (BCH/USDT): bybit.fetch_ohlcv() got an unexpected keyword argument 'until'[0m
Traceback (most recent call last):
  File "/data/data/com.termux/files/home/worldguide/volume/xx1.0.2.py", line 1178, in fetch_klines_ccxt
    chunk_data = exchange.fetch_ohlcv(**fetch_args)
                 ^^^^^^^^^^^^^^^^^^^^^^^^^^^^^^^^^^
TypeError: bybit.fetch_ohlcv() got an unexpected keyword argument 'until'
2025-04-23 23:03:17.262 WARNING  [pyrmethus_bot_BCH_USDT:3428] Insufficient kline data for BCH/USDT (got 0, need ~1000). Skipping analysis.
2025-04-23 23:03:17.262 INFO     [pyrmethus_bot_BCH_USDT:3473] --- Finished Analysis & Trading Cycle for: BCH/USDT ---
2025-04-23 23:03:26.151 INFO     [pyrmethus_bot_BCH_USDT:3416] --- Starting Analysis & Trading Cycle for: BCH/USDT ---
2025-04-23 23:03:26.153 INFO     [pyrmethus_bot_BCH_USDT:1102] [36m# Fetching klines for BCH/USDT | Timeframe: 5m | Target Limit: 1010...[0m
2025-04-23 23:03:26.155 DEBUG    [pyrmethus_bot_BCH_USDT:1121] Estimated minimum candles required by strategy: ~1000
2025-04-23 23:03:26.156 DEBUG    [pyrmethus_bot_BCH_USDT:1138] Using API parameters: category='spot', market ID='BCHUSDT'.
2025-04-23 23:03:26.157 DEBUG    [pyrmethus_bot_BCH_USDT:1155] Fetching kline chunk 1/4 (1000 candles) for BCH/USDT. Ending before TS: Latest
2025-04-23 23:03:26.159 DEBUG    [pyrmethus_bot_BCH_USDT:1177] Calling fetch_ohlcv with args: {'symbol': 'BCH/USDT', 'timeframe': '5m', 'limit': 1000, 'params': {'category': 'spot'}}
2025-04-23 23:03:27.117 DEBUG    [pyrmethus_bot_BCH_USDT:1180] API returned 1000 candles for chunk 1.
2025-04-23 23:03:27.118 DEBUG    [pyrmethus_bot_BCH_USDT:1204] Lag check passed (BCH/USDT): Last candle 207.1s old (within limit).
2025-04-23 23:03:27.620 DEBUG    [pyrmethus_bot_BCH_USDT:1155] Fetching kline chunk 2/4 (10 candles) for BCH/USDT. Ending before TS: 2025-04-20 11:44:59.999000+00:00
2025-04-23 23:03:27.620 DEBUG    [pyrmethus_bot_BCH_USDT:1177] Calling fetch_ohlcv with args: {'symbol': 'BCH/USDT', 'timeframe': '5m', 'limit': 10, 'params': {'category': 'spot'}, 'until': 1745149499999}
2025-04-23 23:03:27.621 ERROR    [pyrmethus_bot_BCH_USDT:1261] [91mUnexpected error fetching klines chunk 2 (BCH/USDT): bybit.fetch_ohlcv() got an unexpected keyword argument 'until'[0m
Traceback (most recent call last):
  File "/data/data/com.termux/files/home/worldguide/volume/xx1.0.2.py", line 1178, in fetch_klines_ccxt
    chunk_data = exchange.fetch_ohlcv(**fetch_args)
                 ^^^^^^^^^^^^^^^^^^^^^^^^^^^^^^^^^^
TypeError: bybit.fetch_ohlcv() got an unexpected keyword argument 'until'
2025-04-23 23:03:27.625 WARNING  [pyrmethus_bot_BCH_USDT:3428] Insufficient kline data for BCH/USDT (got 0, need ~1000). Skipping analysis.
2025-04-23 23:03:27.625 INFO     [pyrmethus_bot_BCH_USDT:3473] --- Finished Analysis & Trading Cycle for: BCH/USDT ---
2025-04-23 23:03:36.155 INFO     [pyrmethus_bot_BCH_USDT:3416] --- Starting Analysis & Trading Cycle for: BCH/USDT ---
2025-04-23 23:03:36.155 INFO     [pyrmethus_bot_BCH_USDT:1102] [36m# Fetching klines for BCH/USDT | Timeframe: 5m | Target Limit: 1010...[0m
2025-04-23 23:03:36.155 DEBUG    [pyrmethus_bot_BCH_USDT:1121] Estimated minimum candles required by strategy: ~1000
2025-04-23 23:03:36.156 DEBUG    [pyrmethus_bot_BCH_USDT:1138] Using API parameters: category='spot', market ID='BCHUSDT'.
2025-04-23 23:03:36.156 DEBUG    [pyrmethus_bot_BCH_USDT:1155] Fetching kline chunk 1/4 (1000 candles) for BCH/USDT. Ending before TS: Latest
2025-04-23 23:03:36.156 DEBUG    [pyrmethus_bot_BCH_USDT:1177] Calling fetch_ohlcv with args: {'symbol': 'BCH/USDT', 'timeframe': '5m', 'limit': 1000, 'params': {'category': 'spot'}}
2025-04-23 23:03:36.882 DEBUG    [pyrmethus_bot_BCH_USDT:1180] API returned 1000 candles for chunk 1.
2025-04-23 23:03:36.884 DEBUG    [pyrmethus_bot_BCH_USDT:1204] Lag check passed (BCH/USDT): Last candle 216.9s old (within limit).
2025-04-23 23:03:37.385 DEBUG    [pyrmethus_bot_BCH_USDT:1155] Fetching kline chunk 2/4 (10 candles) for BCH/USDT. Ending before TS: 2025-04-20 11:44:59.999000+00:00
2025-04-23 23:03:37.387 DEBUG    [pyrmethus_bot_BCH_USDT:1177] Calling fetch_ohlcv with args: {'symbol': 'BCH/USDT', 'timeframe': '5m', 'limit': 10, 'params': {'category': 'spot'}, 'until': 1745149499999}
2025-04-23 23:03:37.389 ERROR    [pyrmethus_bot_BCH_USDT:1261] [91mUnexpected error fetching klines chunk 2 (BCH/USDT): bybit.fetch_ohlcv() got an unexpected keyword argument 'until'[0m
Traceback (most recent call last):
  File "/data/data/com.termux/files/home/worldguide/volume/xx1.0.2.py", line 1178, in fetch_klines_ccxt
    chunk_data = exchange.fetch_ohlcv(**fetch_args)
                 ^^^^^^^^^^^^^^^^^^^^^^^^^^^^^^^^^^
TypeError: bybit.fetch_ohlcv() got an unexpected keyword argument 'until'
2025-04-23 23:03:37.398 WARNING  [pyrmethus_bot_BCH_USDT:3428] Insufficient kline data for BCH/USDT (got 0, need ~1000). Skipping analysis.
2025-04-23 23:03:37.400 INFO     [pyrmethus_bot_BCH_USDT:3473] --- Finished Analysis & Trading Cycle for: BCH/USDT ---
2025-04-23 23:03:46.160 INFO     [pyrmethus_bot_BCH_USDT:3416] --- Starting Analysis & Trading Cycle for: BCH/USDT ---
2025-04-23 23:03:46.163 INFO     [pyrmethus_bot_BCH_USDT:1102] [36m# Fetching klines for BCH/USDT | Timeframe: 5m | Target Limit: 1010...[0m
2025-04-23 23:03:46.165 DEBUG    [pyrmethus_bot_BCH_USDT:1121] Estimated minimum candles required by strategy: ~1000
2025-04-23 23:03:46.166 DEBUG    [pyrmethus_bot_BCH_USDT:1138] Using API parameters: category='spot', market ID='BCHUSDT'.
2025-04-23 23:03:46.167 DEBUG    [pyrmethus_bot_BCH_USDT:1155] Fetching kline chunk 1/4 (1000 candles) for BCH/USDT. Ending before TS: Latest
2025-04-23 23:03:46.167 DEBUG    [pyrmethus_bot_BCH_USDT:1177] Calling fetch_ohlcv with args: {'symbol': 'BCH/USDT', 'timeframe': '5m', 'limit': 1000, 'params': {'category': 'spot'}}
2025-04-23 23:03:46.719 DEBUG    [pyrmethus_bot_BCH_USDT:1180] API returned 1000 candles for chunk 1.
2025-04-23 23:03:46.720 DEBUG    [pyrmethus_bot_BCH_USDT:1204] Lag check passed (BCH/USDT): Last candle 226.7s old (within limit).
2025-04-23 23:03:47.221 DEBUG    [pyrmethus_bot_BCH_USDT:1155] Fetching kline chunk 2/4 (10 candles) for BCH/USDT. Ending before TS: 2025-04-20 11:44:59.999000+00:00
2025-04-23 23:03:47.221 DEBUG    [pyrmethus_bot_BCH_USDT:1177] Calling fetch_ohlcv with args: {'symbol': 'BCH/USDT', 'timeframe': '5m', 'limit': 10, 'params': {'category': 'spot'}, 'until': 1745149499999}
2025-04-23 23:03:47.221 ERROR    [pyrmethus_bot_BCH_USDT:1261] [91mUnexpected error fetching klines chunk 2 (BCH/USDT): bybit.fetch_ohlcv() got an unexpected keyword argument 'until'[0m
Traceback (most recent call last):
  File "/data/data/com.termux/files/home/worldguide/volume/xx1.0.2.py", line 1178, in fetch_klines_ccxt
    chunk_data = exchange.fetch_ohlcv(**fetch_args)
                 ^^^^^^^^^^^^^^^^^^^^^^^^^^^^^^^^^^
TypeError: bybit.fetch_ohlcv() got an unexpected keyword argument 'until'
2025-04-23 23:03:47.224 WARNING  [pyrmethus_bot_BCH_USDT:3428] Insufficient kline data for BCH/USDT (got 0, need ~1000). Skipping analysis.
2025-04-23 23:03:47.224 INFO     [pyrmethus_bot_BCH_USDT:3473] --- Finished Analysis & Trading Cycle for: BCH/USDT ---
2025-04-23 23:03:56.165 INFO     [pyrmethus_bot_BCH_USDT:3416] --- Starting Analysis & Trading Cycle for: BCH/USDT ---
2025-04-23 23:03:56.167 INFO     [pyrmethus_bot_BCH_USDT:1102] [36m# Fetching klines for BCH/USDT | Timeframe: 5m | Target Limit: 1010...[0m
2025-04-23 23:03:56.169 DEBUG    [pyrmethus_bot_BCH_USDT:1121] Estimated minimum candles required by strategy: ~1000
2025-04-23 23:03:56.170 DEBUG    [pyrmethus_bot_BCH_USDT:1138] Using API parameters: category='spot', market ID='BCHUSDT'.
2025-04-23 23:03:56.170 DEBUG    [pyrmethus_bot_BCH_USDT:1155] Fetching kline chunk 1/4 (1000 candles) for BCH/USDT. Ending before TS: Latest
2025-04-23 23:03:56.171 DEBUG    [pyrmethus_bot_BCH_USDT:1177] Calling fetch_ohlcv with args: {'symbol': 'BCH/USDT', 'timeframe': '5m', 'limit': 1000, 'params': {'category': 'spot'}}
2025-04-23 23:03:56.673 DEBUG    [pyrmethus_bot_BCH_USDT:1180] API returned 1000 candles for chunk 1.
2025-04-23 23:03:56.675 DEBUG    [pyrmethus_bot_BCH_USDT:1204] Lag check passed (BCH/USDT): Last candle 236.7s old (within limit).
2025-04-23 23:03:57.175 DEBUG    [pyrmethus_bot_BCH_USDT:1155] Fetching kline chunk 2/4 (10 candles) for BCH/USDT. Ending before TS: 2025-04-20 11:44:59.999000+00:00
2025-04-23 23:03:57.176 DEBUG    [pyrmethus_bot_BCH_USDT:1177] Calling fetch_ohlcv with args: {'symbol': 'BCH/USDT', 'timeframe': '5m', 'limit': 10, 'params': {'category': 'spot'}, 'until': 1745149499999}
2025-04-23 23:03:57.176 ERROR    [pyrmethus_bot_BCH_USDT:1261] [91mUnexpected error fetching klines chunk 2 (BCH/USDT): bybit.fetch_ohlcv() got an unexpected keyword argument 'until'[0m
Traceback (most recent call last):
  File "/data/data/com.termux/files/home/worldguide/volume/xx1.0.2.py", line 1178, in fetch_klines_ccxt
    chunk_data = exchange.fetch_ohlcv(**fetch_args)
                 ^^^^^^^^^^^^^^^^^^^^^^^^^^^^^^^^^^
TypeError: bybit.fetch_ohlcv() got an unexpected keyword argument 'until'
2025-04-23 23:03:57.179 WARNING  [pyrmethus_bot_BCH_USDT:3428] Insufficient kline data for BCH/USDT (got 0, need ~1000). Skipping analysis.
2025-04-23 23:03:57.179 INFO     [pyrmethus_bot_BCH_USDT:3473] --- Finished Analysis & Trading Cycle for: BCH/USDT ---
2025-04-24 00:38:27.785 INFO     [pyrmethus_bot_BCH_USDT:3793] Validating pair: BCH/USDT...
2025-04-24 00:38:27.786 DEBUG    [pyrmethus_bot_BCH_USDT:1423] Retrieving market details for symbol: BCH/USDT...
2025-04-24 00:38:27.786 DEBUG    [pyrmethus_bot_BCH_USDT:1455] Raw market data found for BCH/USDT. Parsing and standardizing...
2025-04-24 00:38:27.786 DEBUG    [pyrmethus_bot_BCH_USDT:1533] Market Details Parsed (BCH/USDT): Type=Spot, Active=True
  Precision (Amount/Price Step): 0.001 / 0.1
  Limits    (Amount Min/Max) : 0.003 / 7707.1291
  Limits    (Cost Min/Max)   : 5 / 2E+6
  Contract Size: 1
2025-04-24 00:38:27.786 INFO     [pyrmethus_bot_BCH_USDT:3797]  -> [92mBCH/USDT is valid and active on bybit.[0m
2025-04-24 00:38:27.787 INFO     [pyrmethus_bot_BCH_USDT:3120] Strategy Engine initialized for BCH/USDT with min data length ~1000
2025-04-24 00:38:27.787 DEBUG    [pyrmethus_bot_BCH_USDT:3121]   Params: VT Len=40, ATR Period=200, Vol EMA=950, ATR Mult=3.0, OB Src=Wicks, Pivots L/R=(10/10, 10/10), Extend=True, Max Boxes=50
2025-04-24 00:38:27.787 INFO     [pyrmethus_bot_BCH_USDT:3269] Signal Generator initialized for BCH/USDT
2025-04-24 00:38:27.787 DEBUG    [pyrmethus_bot_BCH_USDT:3270]   Params: Entry Prox=1.005, Exit Prox=1.001, SL Mult=1.8, TP Mult=0.7
2025-04-24 00:38:27.787 INFO     [pyrmethus_bot_BCH_USDT:3805]  -> Strategy and Signal Generator initialized for BCH/USDT.
2025-04-24 00:38:27.788 INFO     [pyrmethus_bot_BCH_USDT:3416] --- Starting Analysis & Trading Cycle for: BCH/USDT ---
2025-04-24 00:38:27.788 INFO     [pyrmethus_bot_BCH_USDT:1102] [36m# Fetching klines for BCH/USDT | Timeframe: 5m | Target Limit: 1000...[0m
2025-04-24 00:38:27.789 DEBUG    [pyrmethus_bot_BCH_USDT:1121] Estimated minimum candles required by strategy: ~1000
2025-04-24 00:38:27.789 DEBUG    [pyrmethus_bot_BCH_USDT:1138] Using API parameters: category='spot', market ID='BCHUSDT'.
2025-04-24 00:38:27.789 DEBUG    [pyrmethus_bot_BCH_USDT:1155] Fetching kline chunk 1/3 (1000 candles) for BCH/USDT. Ending before TS: Latest
2025-04-24 00:38:27.789 DEBUG    [pyrmethus_bot_BCH_USDT:1177] Calling fetch_ohlcv with args: {'symbol': 'BCH/USDT', 'timeframe': '5m', 'limit': 1000, 'params': {'category': 'spot'}}
2025-04-24 00:38:28.255 DEBUG    [pyrmethus_bot_BCH_USDT:1180] API returned 1000 candles for chunk 1.
2025-04-24 00:38:28.257 DEBUG    [pyrmethus_bot_BCH_USDT:1204] Lag check passed (BCH/USDT): Last candle 208.3s old (within limit).
2025-04-24 00:38:28.257 INFO     [pyrmethus_bot_BCH_USDT:1312] Total raw klines fetched: 1000
2025-04-24 00:38:28.259 DEBUG    [pyrmethus_bot_BCH_USDT:1340] Processing 1000 final unique candles into DataFrame for BCH/USDT...
2025-04-24 00:38:28.329 INFO     [pyrmethus_bot_BCH_USDT:1400] [92mSuccessfully processed 1000 klines for BCH/USDT 5m.[0m
2025-04-24 00:38:28.330 DEBUG    [pyrmethus_bot_BCH_USDT:3159] Running strategy update for BCH/USDT with DataFrame length 1000
2025-04-24 00:38:28.346 DEBUG    [pyrmethus_bot_BCH_USDT:3134] Placeholder _ema_swma called for length 950
2025-04-24 00:38:28.351 ERROR    [pyrmethus_bot_BCH_USDT:3217] Error during strategy calculation for BCH/USDT: unsupported operand type(s) for +: 'float' and 'decimal.Decimal'
Traceback (most recent call last):
  File "/data/data/com.termux/files/usr/lib/python3.12/site-packages/pandas/core/ops/array_ops.py", line 218, in _na_arithmetic_op
    result = func(left, right)
             ^^^^^^^^^^^^^^^^^
  File "/data/data/com.termux/files/usr/lib/python3.12/site-packages/pandas/core/computation/expressions.py", line 242, in evaluate
    return _evaluate(op, op_str, a, b)  # type: ignore[misc]
           ^^^^^^^^^^^^^^^^^^^^^^^^^^^
  File "/data/data/com.termux/files/usr/lib/python3.12/site-packages/pandas/core/computation/expressions.py", line 73, in _evaluate_standard
    return op(a, b)
           ^^^^^^^^
TypeError: unsupported operand type(s) for +: 'float' and 'decimal.Decimal'

During handling of the above exception, another exception occurred:

Traceback (most recent call last):
  File "/data/data/com.termux/files/home/worldguide/volume/xx1.0.2.py", line 3185, in update
    df_analysis['vt_upper'] = mid_band + df_analysis['atr'] * self.vt_atr_mult
                              ~~~~~~~~~^~~~~~~~~~~~~~~~~~~~~~~~~~~~~~~~~~~~~~~
  File "/data/data/com.termux/files/usr/lib/python3.12/site-packages/pandas/core/ops/common.py", line 76, in new_method
    return method(self, other)
           ^^^^^^^^^^^^^^^^^^^
  File "/data/data/com.termux/files/usr/lib/python3.12/site-packages/pandas/core/arraylike.py", line 186, in __add__
    return self._arith_method(other, operator.add)
           ^^^^^^^^^^^^^^^^^^^^^^^^^^^^^^^^^^^^^^^
  File "/data/data/com.termux/files/usr/lib/python3.12/site-packages/pandas/core/series.py", line 6135, in _arith_method
    return base.IndexOpsMixin._arith_method(self, other, op)
           ^^^^^^^^^^^^^^^^^^^^^^^^^^^^^^^^^^^^^^^^^^^^^^^^^
  File "/data/data/com.termux/files/usr/lib/python3.12/site-packages/pandas/core/base.py", line 1382, in _arith_method
    result = ops.arithmetic_op(lvalues, rvalues, op)
             ^^^^^^^^^^^^^^^^^^^^^^^^^^^^^^^^^^^^^^^
  File "/data/data/com.termux/files/usr/lib/python3.12/site-packages/pandas/core/ops/array_ops.py", line 283, in arithmetic_op
    res_values = _na_arithmetic_op(left, right, op)  # type: ignore[arg-type]
                 ^^^^^^^^^^^^^^^^^^^^^^^^^^^^^^^^^^
  File "/data/data/com.termux/files/usr/lib/python3.12/site-packages/pandas/core/ops/array_ops.py", line 227, in _na_arithmetic_op
    result = _masked_arith_op(left, right, op)
             ^^^^^^^^^^^^^^^^^^^^^^^^^^^^^^^^^
  File "/data/data/com.termux/files/usr/lib/python3.12/site-packages/pandas/core/ops/array_ops.py", line 163, in _masked_arith_op
    result[mask] = op(xrav[mask], yrav[mask])
                   ^^^^^^^^^^^^^^^^^^^^^^^^^^
TypeError: unsupported operand type(s) for +: 'float' and 'decimal.Decimal'
2025-04-24 00:38:28.396 DEBUG    [pyrmethus_bot_BCH_USDT:1762] Position check skipped for BCH/USDT: It is a 'Spot' market, not a contract.
2025-04-24 00:38:28.396 DEBUG    [pyrmethus_bot_BCH_USDT:3340] Generating signal for BCH/USDT...
2025-04-24 00:38:28.397 INFO     [pyrmethus_bot_BCH_USDT:3386] Signal for BCH/USDT: [1mHOLD[0m (Placeholder: Trend unclear or missing data for entry.)
2025-04-24 00:38:28.397 DEBUG    [pyrmethus_bot_BCH_USDT:3619] Executing trade action 'HOLD' for BCH/USDT. Reason: Placeholder: Trend unclear or missing data for entry.
2025-04-24 00:38:28.397 INFO     [pyrmethus_bot_BCH_USDT:3738] Holding position or waiting for signal for BCH/USDT. Reason: Placeholder: Trend unclear or missing data for entry.
2025-04-24 00:38:28.397 INFO     [pyrmethus_bot_BCH_USDT:3473] --- Finished Analysis & Trading Cycle for: BCH/USDT ---
2025-04-24 00:38:37.793 INFO     [pyrmethus_bot_BCH_USDT:3416] --- Starting Analysis & Trading Cycle for: BCH/USDT ---
2025-04-24 00:38:37.794 INFO     [pyrmethus_bot_BCH_USDT:1102] [36m# Fetching klines for BCH/USDT | Timeframe: 5m | Target Limit: 1000...[0m
2025-04-24 00:38:37.796 DEBUG    [pyrmethus_bot_BCH_USDT:1121] Estimated minimum candles required by strategy: ~1000
2025-04-24 00:38:37.797 DEBUG    [pyrmethus_bot_BCH_USDT:1138] Using API parameters: category='spot', market ID='BCHUSDT'.
2025-04-24 00:38:37.798 DEBUG    [pyrmethus_bot_BCH_USDT:1155] Fetching kline chunk 1/3 (1000 candles) for BCH/USDT. Ending before TS: Latest
2025-04-24 00:38:37.799 DEBUG    [pyrmethus_bot_BCH_USDT:1177] Calling fetch_ohlcv with args: {'symbol': 'BCH/USDT', 'timeframe': '5m', 'limit': 1000, 'params': {'category': 'spot'}}
2025-04-24 00:38:38.595 DEBUG    [pyrmethus_bot_BCH_USDT:1180] API returned 1000 candles for chunk 1.
2025-04-24 00:38:38.596 DEBUG    [pyrmethus_bot_BCH_USDT:1204] Lag check passed (BCH/USDT): Last candle 218.6s old (within limit).
2025-04-24 00:38:38.596 INFO     [pyrmethus_bot_BCH_USDT:1312] Total raw klines fetched: 1000
2025-04-24 00:38:38.597 DEBUG    [pyrmethus_bot_BCH_USDT:1340] Processing 1000 final unique candles into DataFrame for BCH/USDT...
2025-04-24 00:38:38.657 INFO     [pyrmethus_bot_BCH_USDT:1400] [92mSuccessfully processed 1000 klines for BCH/USDT 5m.[0m
2025-04-24 00:38:38.658 DEBUG    [pyrmethus_bot_BCH_USDT:3159] Running strategy update for BCH/USDT with DataFrame length 1000
2025-04-24 00:38:38.674 DEBUG    [pyrmethus_bot_BCH_USDT:3134] Placeholder _ema_swma called for length 950
2025-04-24 00:38:38.679 ERROR    [pyrmethus_bot_BCH_USDT:3217] Error during strategy calculation for BCH/USDT: unsupported operand type(s) for +: 'float' and 'decimal.Decimal'
Traceback (most recent call last):
  File "/data/data/com.termux/files/usr/lib/python3.12/site-packages/pandas/core/ops/array_ops.py", line 218, in _na_arithmetic_op
    result = func(left, right)
             ^^^^^^^^^^^^^^^^^
  File "/data/data/com.termux/files/usr/lib/python3.12/site-packages/pandas/core/computation/expressions.py", line 242, in evaluate
    return _evaluate(op, op_str, a, b)  # type: ignore[misc]
           ^^^^^^^^^^^^^^^^^^^^^^^^^^^
  File "/data/data/com.termux/files/usr/lib/python3.12/site-packages/pandas/core/computation/expressions.py", line 73, in _evaluate_standard
    return op(a, b)
           ^^^^^^^^
TypeError: unsupported operand type(s) for +: 'float' and 'decimal.Decimal'

During handling of the above exception, another exception occurred:

Traceback (most recent call last):
  File "/data/data/com.termux/files/home/worldguide/volume/xx1.0.2.py", line 3185, in update
    df_analysis['vt_upper'] = mid_band + df_analysis['atr'] * self.vt_atr_mult
                              ~~~~~~~~~^~~~~~~~~~~~~~~~~~~~~~~~~~~~~~~~~~~~~~~
  File "/data/data/com.termux/files/usr/lib/python3.12/site-packages/pandas/core/ops/common.py", line 76, in new_method
    return method(self, other)
           ^^^^^^^^^^^^^^^^^^^
  File "/data/data/com.termux/files/usr/lib/python3.12/site-packages/pandas/core/arraylike.py", line 186, in __add__
    return self._arith_method(other, operator.add)
           ^^^^^^^^^^^^^^^^^^^^^^^^^^^^^^^^^^^^^^^
  File "/data/data/com.termux/files/usr/lib/python3.12/site-packages/pandas/core/series.py", line 6135, in _arith_method
    return base.IndexOpsMixin._arith_method(self, other, op)
           ^^^^^^^^^^^^^^^^^^^^^^^^^^^^^^^^^^^^^^^^^^^^^^^^^
  File "/data/data/com.termux/files/usr/lib/python3.12/site-packages/pandas/core/base.py", line 1382, in _arith_method
    result = ops.arithmetic_op(lvalues, rvalues, op)
             ^^^^^^^^^^^^^^^^^^^^^^^^^^^^^^^^^^^^^^^
  File "/data/data/com.termux/files/usr/lib/python3.12/site-packages/pandas/core/ops/array_ops.py", line 283, in arithmetic_op
    res_values = _na_arithmetic_op(left, right, op)  # type: ignore[arg-type]
                 ^^^^^^^^^^^^^^^^^^^^^^^^^^^^^^^^^^
  File "/data/data/com.termux/files/usr/lib/python3.12/site-packages/pandas/core/ops/array_ops.py", line 227, in _na_arithmetic_op
    result = _masked_arith_op(left, right, op)
             ^^^^^^^^^^^^^^^^^^^^^^^^^^^^^^^^^
  File "/data/data/com.termux/files/usr/lib/python3.12/site-packages/pandas/core/ops/array_ops.py", line 163, in _masked_arith_op
    result[mask] = op(xrav[mask], yrav[mask])
                   ^^^^^^^^^^^^^^^^^^^^^^^^^^
TypeError: unsupported operand type(s) for +: 'float' and 'decimal.Decimal'
2025-04-24 00:38:38.684 DEBUG    [pyrmethus_bot_BCH_USDT:1762] Position check skipped for BCH/USDT: It is a 'Spot' market, not a contract.
2025-04-24 00:38:38.684 DEBUG    [pyrmethus_bot_BCH_USDT:3340] Generating signal for BCH/USDT...
2025-04-24 00:38:38.684 INFO     [pyrmethus_bot_BCH_USDT:3386] Signal for BCH/USDT: [1mHOLD[0m (Placeholder: Trend unclear or missing data for entry.)
2025-04-24 00:38:38.684 DEBUG    [pyrmethus_bot_BCH_USDT:3619] Executing trade action 'HOLD' for BCH/USDT. Reason: Placeholder: Trend unclear or missing data for entry.
2025-04-24 00:38:38.685 INFO     [pyrmethus_bot_BCH_USDT:3738] Holding position or waiting for signal for BCH/USDT. Reason: Placeholder: Trend unclear or missing data for entry.
2025-04-24 00:38:38.685 INFO     [pyrmethus_bot_BCH_USDT:3473] --- Finished Analysis & Trading Cycle for: BCH/USDT ---
2025-04-24 00:38:47.796 INFO     [pyrmethus_bot_BCH_USDT:3416] --- Starting Analysis & Trading Cycle for: BCH/USDT ---
2025-04-24 00:38:47.797 INFO     [pyrmethus_bot_BCH_USDT:1102] [36m# Fetching klines for BCH/USDT | Timeframe: 5m | Target Limit: 1000...[0m
2025-04-24 00:38:47.797 DEBUG    [pyrmethus_bot_BCH_USDT:1121] Estimated minimum candles required by strategy: ~1000
2025-04-24 00:38:47.797 DEBUG    [pyrmethus_bot_BCH_USDT:1138] Using API parameters: category='spot', market ID='BCHUSDT'.
2025-04-24 00:38:47.797 DEBUG    [pyrmethus_bot_BCH_USDT:1155] Fetching kline chunk 1/3 (1000 candles) for BCH/USDT. Ending before TS: Latest
2025-04-24 00:38:47.798 DEBUG    [pyrmethus_bot_BCH_USDT:1177] Calling fetch_ohlcv with args: {'symbol': 'BCH/USDT', 'timeframe': '5m', 'limit': 1000, 'params': {'category': 'spot'}}
2025-04-24 00:38:48.288 DEBUG    [pyrmethus_bot_BCH_USDT:1180] API returned 1000 candles for chunk 1.
2025-04-24 00:38:48.290 DEBUG    [pyrmethus_bot_BCH_USDT:1204] Lag check passed (BCH/USDT): Last candle 228.3s old (within limit).
2025-04-24 00:38:48.290 INFO     [pyrmethus_bot_BCH_USDT:1312] Total raw klines fetched: 1000
2025-04-24 00:38:48.291 DEBUG    [pyrmethus_bot_BCH_USDT:1340] Processing 1000 final unique candles into DataFrame for BCH/USDT...
2025-04-24 00:38:48.356 INFO     [pyrmethus_bot_BCH_USDT:1400] [92mSuccessfully processed 1000 klines for BCH/USDT 5m.[0m
2025-04-24 00:38:48.357 DEBUG    [pyrmethus_bot_BCH_USDT:3159] Running strategy update for BCH/USDT with DataFrame length 1000
2025-04-24 00:38:48.375 DEBUG    [pyrmethus_bot_BCH_USDT:3134] Placeholder _ema_swma called for length 950
2025-04-24 00:38:48.382 ERROR    [pyrmethus_bot_BCH_USDT:3217] Error during strategy calculation for BCH/USDT: unsupported operand type(s) for +: 'float' and 'decimal.Decimal'
Traceback (most recent call last):
  File "/data/data/com.termux/files/usr/lib/python3.12/site-packages/pandas/core/ops/array_ops.py", line 218, in _na_arithmetic_op
    result = func(left, right)
             ^^^^^^^^^^^^^^^^^
  File "/data/data/com.termux/files/usr/lib/python3.12/site-packages/pandas/core/computation/expressions.py", line 242, in evaluate
    return _evaluate(op, op_str, a, b)  # type: ignore[misc]
           ^^^^^^^^^^^^^^^^^^^^^^^^^^^
  File "/data/data/com.termux/files/usr/lib/python3.12/site-packages/pandas/core/computation/expressions.py", line 73, in _evaluate_standard
    return op(a, b)
           ^^^^^^^^
TypeError: unsupported operand type(s) for +: 'float' and 'decimal.Decimal'

During handling of the above exception, another exception occurred:

Traceback (most recent call last):
  File "/data/data/com.termux/files/home/worldguide/volume/xx1.0.2.py", line 3185, in update
    df_analysis['vt_upper'] = mid_band + df_analysis['atr'] * self.vt_atr_mult
                              ~~~~~~~~~^~~~~~~~~~~~~~~~~~~~~~~~~~~~~~~~~~~~~~~
  File "/data/data/com.termux/files/usr/lib/python3.12/site-packages/pandas/core/ops/common.py", line 76, in new_method
    return method(self, other)
           ^^^^^^^^^^^^^^^^^^^
  File "/data/data/com.termux/files/usr/lib/python3.12/site-packages/pandas/core/arraylike.py", line 186, in __add__
    return self._arith_method(other, operator.add)
           ^^^^^^^^^^^^^^^^^^^^^^^^^^^^^^^^^^^^^^^
  File "/data/data/com.termux/files/usr/lib/python3.12/site-packages/pandas/core/series.py", line 6135, in _arith_method
    return base.IndexOpsMixin._arith_method(self, other, op)
           ^^^^^^^^^^^^^^^^^^^^^^^^^^^^^^^^^^^^^^^^^^^^^^^^^
  File "/data/data/com.termux/files/usr/lib/python3.12/site-packages/pandas/core/base.py", line 1382, in _arith_method
    result = ops.arithmetic_op(lvalues, rvalues, op)
             ^^^^^^^^^^^^^^^^^^^^^^^^^^^^^^^^^^^^^^^
  File "/data/data/com.termux/files/usr/lib/python3.12/site-packages/pandas/core/ops/array_ops.py", line 283, in arithmetic_op
    res_values = _na_arithmetic_op(left, right, op)  # type: ignore[arg-type]
                 ^^^^^^^^^^^^^^^^^^^^^^^^^^^^^^^^^^
  File "/data/data/com.termux/files/usr/lib/python3.12/site-packages/pandas/core/ops/array_ops.py", line 227, in _na_arithmetic_op
    result = _masked_arith_op(left, right, op)
             ^^^^^^^^^^^^^^^^^^^^^^^^^^^^^^^^^
  File "/data/data/com.termux/files/usr/lib/python3.12/site-packages/pandas/core/ops/array_ops.py", line 163, in _masked_arith_op
    result[mask] = op(xrav[mask], yrav[mask])
                   ^^^^^^^^^^^^^^^^^^^^^^^^^^
TypeError: unsupported operand type(s) for +: 'float' and 'decimal.Decimal'
2025-04-24 00:38:48.387 DEBUG    [pyrmethus_bot_BCH_USDT:1762] Position check skipped for BCH/USDT: It is a 'Spot' market, not a contract.
2025-04-24 00:38:48.387 DEBUG    [pyrmethus_bot_BCH_USDT:3340] Generating signal for BCH/USDT...
2025-04-24 00:38:48.387 INFO     [pyrmethus_bot_BCH_USDT:3386] Signal for BCH/USDT: [1mHOLD[0m (Placeholder: Trend unclear or missing data for entry.)
2025-04-24 00:38:48.388 DEBUG    [pyrmethus_bot_BCH_USDT:3619] Executing trade action 'HOLD' for BCH/USDT. Reason: Placeholder: Trend unclear or missing data for entry.
2025-04-24 00:38:48.388 INFO     [pyrmethus_bot_BCH_USDT:3738] Holding position or waiting for signal for BCH/USDT. Reason: Placeholder: Trend unclear or missing data for entry.
2025-04-24 00:38:48.388 INFO     [pyrmethus_bot_BCH_USDT:3473] --- Finished Analysis & Trading Cycle for: BCH/USDT ---
2025-04-24 00:38:57.801 INFO     [pyrmethus_bot_BCH_USDT:3416] --- Starting Analysis & Trading Cycle for: BCH/USDT ---
2025-04-24 00:38:57.802 INFO     [pyrmethus_bot_BCH_USDT:1102] [36m# Fetching klines for BCH/USDT | Timeframe: 5m | Target Limit: 1000...[0m
2025-04-24 00:38:57.804 DEBUG    [pyrmethus_bot_BCH_USDT:1121] Estimated minimum candles required by strategy: ~1000
2025-04-24 00:38:57.805 DEBUG    [pyrmethus_bot_BCH_USDT:1138] Using API parameters: category='spot', market ID='BCHUSDT'.
2025-04-24 00:38:57.807 DEBUG    [pyrmethus_bot_BCH_USDT:1155] Fetching kline chunk 1/3 (1000 candles) for BCH/USDT. Ending before TS: Latest
2025-04-24 00:38:57.807 DEBUG    [pyrmethus_bot_BCH_USDT:1177] Calling fetch_ohlcv with args: {'symbol': 'BCH/USDT', 'timeframe': '5m', 'limit': 1000, 'params': {'category': 'spot'}}
2025-04-24 00:38:58.293 DEBUG    [pyrmethus_bot_BCH_USDT:1180] API returned 1000 candles for chunk 1.
2025-04-24 00:38:58.294 DEBUG    [pyrmethus_bot_BCH_USDT:1204] Lag check passed (BCH/USDT): Last candle 238.3s old (within limit).
2025-04-24 00:38:58.295 INFO     [pyrmethus_bot_BCH_USDT:1312] Total raw klines fetched: 1000
2025-04-24 00:38:58.296 DEBUG    [pyrmethus_bot_BCH_USDT:1340] Processing 1000 final unique candles into DataFrame for BCH/USDT...
2025-04-24 00:38:58.354 INFO     [pyrmethus_bot_BCH_USDT:1400] [92mSuccessfully processed 1000 klines for BCH/USDT 5m.[0m
2025-04-24 00:38:58.355 DEBUG    [pyrmethus_bot_BCH_USDT:3159] Running strategy update for BCH/USDT with DataFrame length 1000
2025-04-24 00:38:58.370 DEBUG    [pyrmethus_bot_BCH_USDT:3134] Placeholder _ema_swma called for length 950
2025-04-24 00:38:58.374 ERROR    [pyrmethus_bot_BCH_USDT:3217] Error during strategy calculation for BCH/USDT: unsupported operand type(s) for +: 'float' and 'decimal.Decimal'
Traceback (most recent call last):
  File "/data/data/com.termux/files/usr/lib/python3.12/site-packages/pandas/core/ops/array_ops.py", line 218, in _na_arithmetic_op
    result = func(left, right)
             ^^^^^^^^^^^^^^^^^
  File "/data/data/com.termux/files/usr/lib/python3.12/site-packages/pandas/core/computation/expressions.py", line 242, in evaluate
    return _evaluate(op, op_str, a, b)  # type: ignore[misc]
           ^^^^^^^^^^^^^^^^^^^^^^^^^^^
  File "/data/data/com.termux/files/usr/lib/python3.12/site-packages/pandas/core/computation/expressions.py", line 73, in _evaluate_standard
    return op(a, b)
           ^^^^^^^^
TypeError: unsupported operand type(s) for +: 'float' and 'decimal.Decimal'

During handling of the above exception, another exception occurred:

Traceback (most recent call last):
  File "/data/data/com.termux/files/home/worldguide/volume/xx1.0.2.py", line 3185, in update
    df_analysis['vt_upper'] = mid_band + df_analysis['atr'] * self.vt_atr_mult
                              ~~~~~~~~~^~~~~~~~~~~~~~~~~~~~~~~~~~~~~~~~~~~~~~~
  File "/data/data/com.termux/files/usr/lib/python3.12/site-packages/pandas/core/ops/common.py", line 76, in new_method
    return method(self, other)
           ^^^^^^^^^^^^^^^^^^^
  File "/data/data/com.termux/files/usr/lib/python3.12/site-packages/pandas/core/arraylike.py", line 186, in __add__
    return self._arith_method(other, operator.add)
           ^^^^^^^^^^^^^^^^^^^^^^^^^^^^^^^^^^^^^^^
  File "/data/data/com.termux/files/usr/lib/python3.12/site-packages/pandas/core/series.py", line 6135, in _arith_method
    return base.IndexOpsMixin._arith_method(self, other, op)
           ^^^^^^^^^^^^^^^^^^^^^^^^^^^^^^^^^^^^^^^^^^^^^^^^^
  File "/data/data/com.termux/files/usr/lib/python3.12/site-packages/pandas/core/base.py", line 1382, in _arith_method
    result = ops.arithmetic_op(lvalues, rvalues, op)
             ^^^^^^^^^^^^^^^^^^^^^^^^^^^^^^^^^^^^^^^
  File "/data/data/com.termux/files/usr/lib/python3.12/site-packages/pandas/core/ops/array_ops.py", line 283, in arithmetic_op
    res_values = _na_arithmetic_op(left, right, op)  # type: ignore[arg-type]
                 ^^^^^^^^^^^^^^^^^^^^^^^^^^^^^^^^^^
  File "/data/data/com.termux/files/usr/lib/python3.12/site-packages/pandas/core/ops/array_ops.py", line 227, in _na_arithmetic_op
    result = _masked_arith_op(left, right, op)
             ^^^^^^^^^^^^^^^^^^^^^^^^^^^^^^^^^
  File "/data/data/com.termux/files/usr/lib/python3.12/site-packages/pandas/core/ops/array_ops.py", line 163, in _masked_arith_op
    result[mask] = op(xrav[mask], yrav[mask])
                   ^^^^^^^^^^^^^^^^^^^^^^^^^^
TypeError: unsupported operand type(s) for +: 'float' and 'decimal.Decimal'
2025-04-24 00:38:58.378 DEBUG    [pyrmethus_bot_BCH_USDT:1762] Position check skipped for BCH/USDT: It is a 'Spot' market, not a contract.
2025-04-24 00:38:58.378 DEBUG    [pyrmethus_bot_BCH_USDT:3340] Generating signal for BCH/USDT...
2025-04-24 00:38:58.378 INFO     [pyrmethus_bot_BCH_USDT:3386] Signal for BCH/USDT: [1mHOLD[0m (Placeholder: Trend unclear or missing data for entry.)
2025-04-24 00:38:58.379 DEBUG    [pyrmethus_bot_BCH_USDT:3619] Executing trade action 'HOLD' for BCH/USDT. Reason: Placeholder: Trend unclear or missing data for entry.
2025-04-24 00:38:58.379 INFO     [pyrmethus_bot_BCH_USDT:3738] Holding position or waiting for signal for BCH/USDT. Reason: Placeholder: Trend unclear or missing data for entry.
2025-04-24 00:38:58.379 INFO     [pyrmethus_bot_BCH_USDT:3473] --- Finished Analysis & Trading Cycle for: BCH/USDT ---
2025-04-24 00:39:07.805 INFO     [pyrmethus_bot_BCH_USDT:3416] --- Starting Analysis & Trading Cycle for: BCH/USDT ---
2025-04-24 00:39:07.807 INFO     [pyrmethus_bot_BCH_USDT:1102] [36m# Fetching klines for BCH/USDT | Timeframe: 5m | Target Limit: 1000...[0m
2025-04-24 00:39:07.809 DEBUG    [pyrmethus_bot_BCH_USDT:1121] Estimated minimum candles required by strategy: ~1000
2025-04-24 00:39:07.810 DEBUG    [pyrmethus_bot_BCH_USDT:1138] Using API parameters: category='spot', market ID='BCHUSDT'.
2025-04-24 00:39:07.811 DEBUG    [pyrmethus_bot_BCH_USDT:1155] Fetching kline chunk 1/3 (1000 candles) for BCH/USDT. Ending before TS: Latest
2025-04-24 00:39:07.812 DEBUG    [pyrmethus_bot_BCH_USDT:1177] Calling fetch_ohlcv with args: {'symbol': 'BCH/USDT', 'timeframe': '5m', 'limit': 1000, 'params': {'category': 'spot'}}
2025-04-24 00:39:08.271 DEBUG    [pyrmethus_bot_BCH_USDT:1180] API returned 1000 candles for chunk 1.
2025-04-24 00:39:08.272 DEBUG    [pyrmethus_bot_BCH_USDT:1204] Lag check passed (BCH/USDT): Last candle 248.3s old (within limit).
2025-04-24 00:39:08.273 INFO     [pyrmethus_bot_BCH_USDT:1312] Total raw klines fetched: 1000
2025-04-24 00:39:08.274 DEBUG    [pyrmethus_bot_BCH_USDT:1340] Processing 1000 final unique candles into DataFrame for BCH/USDT...
2025-04-24 00:39:08.338 INFO     [pyrmethus_bot_BCH_USDT:1400] [92mSuccessfully processed 1000 klines for BCH/USDT 5m.[0m
2025-04-24 00:39:08.339 DEBUG    [pyrmethus_bot_BCH_USDT:3159] Running strategy update for BCH/USDT with DataFrame length 1000
2025-04-24 00:39:08.356 DEBUG    [pyrmethus_bot_BCH_USDT:3134] Placeholder _ema_swma called for length 950
2025-04-24 00:39:08.362 ERROR    [pyrmethus_bot_BCH_USDT:3217] Error during strategy calculation for BCH/USDT: unsupported operand type(s) for +: 'float' and 'decimal.Decimal'
Traceback (most recent call last):
  File "/data/data/com.termux/files/usr/lib/python3.12/site-packages/pandas/core/ops/array_ops.py", line 218, in _na_arithmetic_op
    result = func(left, right)
             ^^^^^^^^^^^^^^^^^
  File "/data/data/com.termux/files/usr/lib/python3.12/site-packages/pandas/core/computation/expressions.py", line 242, in evaluate
    return _evaluate(op, op_str, a, b)  # type: ignore[misc]
           ^^^^^^^^^^^^^^^^^^^^^^^^^^^
  File "/data/data/com.termux/files/usr/lib/python3.12/site-packages/pandas/core/computation/expressions.py", line 73, in _evaluate_standard
    return op(a, b)
           ^^^^^^^^
TypeError: unsupported operand type(s) for +: 'float' and 'decimal.Decimal'

During handling of the above exception, another exception occurred:

Traceback (most recent call last):
  File "/data/data/com.termux/files/home/worldguide/volume/xx1.0.2.py", line 3185, in update
    df_analysis['vt_upper'] = mid_band + df_analysis['atr'] * self.vt_atr_mult
                              ~~~~~~~~~^~~~~~~~~~~~~~~~~~~~~~~~~~~~~~~~~~~~~~~
  File "/data/data/com.termux/files/usr/lib/python3.12/site-packages/pandas/core/ops/common.py", line 76, in new_method
    return method(self, other)
           ^^^^^^^^^^^^^^^^^^^
  File "/data/data/com.termux/files/usr/lib/python3.12/site-packages/pandas/core/arraylike.py", line 186, in __add__
    return self._arith_method(other, operator.add)
           ^^^^^^^^^^^^^^^^^^^^^^^^^^^^^^^^^^^^^^^
  File "/data/data/com.termux/files/usr/lib/python3.12/site-packages/pandas/core/series.py", line 6135, in _arith_method
    return base.IndexOpsMixin._arith_method(self, other, op)
           ^^^^^^^^^^^^^^^^^^^^^^^^^^^^^^^^^^^^^^^^^^^^^^^^^
  File "/data/data/com.termux/files/usr/lib/python3.12/site-packages/pandas/core/base.py", line 1382, in _arith_method
    result = ops.arithmetic_op(lvalues, rvalues, op)
             ^^^^^^^^^^^^^^^^^^^^^^^^^^^^^^^^^^^^^^^
  File "/data/data/com.termux/files/usr/lib/python3.12/site-packages/pandas/core/ops/array_ops.py", line 283, in arithmetic_op
    res_values = _na_arithmetic_op(left, right, op)  # type: ignore[arg-type]
                 ^^^^^^^^^^^^^^^^^^^^^^^^^^^^^^^^^^
  File "/data/data/com.termux/files/usr/lib/python3.12/site-packages/pandas/core/ops/array_ops.py", line 227, in _na_arithmetic_op
    result = _masked_arith_op(left, right, op)
             ^^^^^^^^^^^^^^^^^^^^^^^^^^^^^^^^^
  File "/data/data/com.termux/files/usr/lib/python3.12/site-packages/pandas/core/ops/array_ops.py", line 163, in _masked_arith_op
    result[mask] = op(xrav[mask], yrav[mask])
                   ^^^^^^^^^^^^^^^^^^^^^^^^^^
TypeError: unsupported operand type(s) for +: 'float' and 'decimal.Decimal'
2025-04-24 00:39:08.368 DEBUG    [pyrmethus_bot_BCH_USDT:1762] Position check skipped for BCH/USDT: It is a 'Spot' market, not a contract.
2025-04-24 00:39:08.368 DEBUG    [pyrmethus_bot_BCH_USDT:3340] Generating signal for BCH/USDT...
2025-04-24 00:39:08.368 INFO     [pyrmethus_bot_BCH_USDT:3386] Signal for BCH/USDT: [1mHOLD[0m (Placeholder: Trend unclear or missing data for entry.)
2025-04-24 00:39:08.368 DEBUG    [pyrmethus_bot_BCH_USDT:3619] Executing trade action 'HOLD' for BCH/USDT. Reason: Placeholder: Trend unclear or missing data for entry.
2025-04-24 00:39:08.368 INFO     [pyrmethus_bot_BCH_USDT:3738] Holding position or waiting for signal for BCH/USDT. Reason: Placeholder: Trend unclear or missing data for entry.
2025-04-24 00:39:08.368 INFO     [pyrmethus_bot_BCH_USDT:3473] --- Finished Analysis & Trading Cycle for: BCH/USDT ---
2025-04-24 00:39:17.809 INFO     [pyrmethus_bot_BCH_USDT:3416] --- Starting Analysis & Trading Cycle for: BCH/USDT ---
2025-04-24 00:39:17.810 INFO     [pyrmethus_bot_BCH_USDT:1102] [36m# Fetching klines for BCH/USDT | Timeframe: 5m | Target Limit: 1000...[0m
2025-04-24 00:39:17.811 DEBUG    [pyrmethus_bot_BCH_USDT:1121] Estimated minimum candles required by strategy: ~1000
2025-04-24 00:39:17.812 DEBUG    [pyrmethus_bot_BCH_USDT:1138] Using API parameters: category='spot', market ID='BCHUSDT'.
2025-04-24 00:39:17.812 DEBUG    [pyrmethus_bot_BCH_USDT:1155] Fetching kline chunk 1/3 (1000 candles) for BCH/USDT. Ending before TS: Latest
2025-04-24 00:39:17.812 DEBUG    [pyrmethus_bot_BCH_USDT:1177] Calling fetch_ohlcv with args: {'symbol': 'BCH/USDT', 'timeframe': '5m', 'limit': 1000, 'params': {'category': 'spot'}}
2025-04-24 00:39:18.289 DEBUG    [pyrmethus_bot_BCH_USDT:1180] API returned 1000 candles for chunk 1.
2025-04-24 00:39:18.291 DEBUG    [pyrmethus_bot_BCH_USDT:1204] Lag check passed (BCH/USDT): Last candle 258.3s old (within limit).
2025-04-24 00:39:18.291 INFO     [pyrmethus_bot_BCH_USDT:1312] Total raw klines fetched: 1000
2025-04-24 00:39:18.292 DEBUG    [pyrmethus_bot_BCH_USDT:1340] Processing 1000 final unique candles into DataFrame for BCH/USDT...
2025-04-24 00:39:18.357 INFO     [pyrmethus_bot_BCH_USDT:1400] [92mSuccessfully processed 1000 klines for BCH/USDT 5m.[0m
2025-04-24 00:39:18.358 DEBUG    [pyrmethus_bot_BCH_USDT:3159] Running strategy update for BCH/USDT with DataFrame length 1000
2025-04-24 00:39:18.375 DEBUG    [pyrmethus_bot_BCH_USDT:3134] Placeholder _ema_swma called for length 950
2025-04-24 00:39:18.381 ERROR    [pyrmethus_bot_BCH_USDT:3217] Error during strategy calculation for BCH/USDT: unsupported operand type(s) for +: 'float' and 'decimal.Decimal'
Traceback (most recent call last):
  File "/data/data/com.termux/files/usr/lib/python3.12/site-packages/pandas/core/ops/array_ops.py", line 218, in _na_arithmetic_op
    result = func(left, right)
             ^^^^^^^^^^^^^^^^^
  File "/data/data/com.termux/files/usr/lib/python3.12/site-packages/pandas/core/computation/expressions.py", line 242, in evaluate
    return _evaluate(op, op_str, a, b)  # type: ignore[misc]
           ^^^^^^^^^^^^^^^^^^^^^^^^^^^
  File "/data/data/com.termux/files/usr/lib/python3.12/site-packages/pandas/core/computation/expressions.py", line 73, in _evaluate_standard
    return op(a, b)
           ^^^^^^^^
TypeError: unsupported operand type(s) for +: 'float' and 'decimal.Decimal'

During handling of the above exception, another exception occurred:

Traceback (most recent call last):
  File "/data/data/com.termux/files/home/worldguide/volume/xx1.0.2.py", line 3185, in update
    df_analysis['vt_upper'] = mid_band + df_analysis['atr'] * self.vt_atr_mult
                              ~~~~~~~~~^~~~~~~~~~~~~~~~~~~~~~~~~~~~~~~~~~~~~~~
  File "/data/data/com.termux/files/usr/lib/python3.12/site-packages/pandas/core/ops/common.py", line 76, in new_method
    return method(self, other)
           ^^^^^^^^^^^^^^^^^^^
  File "/data/data/com.termux/files/usr/lib/python3.12/site-packages/pandas/core/arraylike.py", line 186, in __add__
    return self._arith_method(other, operator.add)
           ^^^^^^^^^^^^^^^^^^^^^^^^^^^^^^^^^^^^^^^
  File "/data/data/com.termux/files/usr/lib/python3.12/site-packages/pandas/core/series.py", line 6135, in _arith_method
    return base.IndexOpsMixin._arith_method(self, other, op)
           ^^^^^^^^^^^^^^^^^^^^^^^^^^^^^^^^^^^^^^^^^^^^^^^^^
  File "/data/data/com.termux/files/usr/lib/python3.12/site-packages/pandas/core/base.py", line 1382, in _arith_method
    result = ops.arithmetic_op(lvalues, rvalues, op)
             ^^^^^^^^^^^^^^^^^^^^^^^^^^^^^^^^^^^^^^^
  File "/data/data/com.termux/files/usr/lib/python3.12/site-packages/pandas/core/ops/array_ops.py", line 283, in arithmetic_op
    res_values = _na_arithmetic_op(left, right, op)  # type: ignore[arg-type]
                 ^^^^^^^^^^^^^^^^^^^^^^^^^^^^^^^^^^
  File "/data/data/com.termux/files/usr/lib/python3.12/site-packages/pandas/core/ops/array_ops.py", line 227, in _na_arithmetic_op
    result = _masked_arith_op(left, right, op)
             ^^^^^^^^^^^^^^^^^^^^^^^^^^^^^^^^^
  File "/data/data/com.termux/files/usr/lib/python3.12/site-packages/pandas/core/ops/array_ops.py", line 163, in _masked_arith_op
    result[mask] = op(xrav[mask], yrav[mask])
                   ^^^^^^^^^^^^^^^^^^^^^^^^^^
TypeError: unsupported operand type(s) for +: 'float' and 'decimal.Decimal'
2025-04-24 00:39:18.386 DEBUG    [pyrmethus_bot_BCH_USDT:1762] Position check skipped for BCH/USDT: It is a 'Spot' market, not a contract.
2025-04-24 00:39:18.387 DEBUG    [pyrmethus_bot_BCH_USDT:3340] Generating signal for BCH/USDT...
2025-04-24 00:39:18.387 INFO     [pyrmethus_bot_BCH_USDT:3386] Signal for BCH/USDT: [1mHOLD[0m (Placeholder: Trend unclear or missing data for entry.)
2025-04-24 00:39:18.387 DEBUG    [pyrmethus_bot_BCH_USDT:3619] Executing trade action 'HOLD' for BCH/USDT. Reason: Placeholder: Trend unclear or missing data for entry.
2025-04-24 00:39:18.387 INFO     [pyrmethus_bot_BCH_USDT:3738] Holding position or waiting for signal for BCH/USDT. Reason: Placeholder: Trend unclear or missing data for entry.
2025-04-24 00:39:18.388 INFO     [pyrmethus_bot_BCH_USDT:3473] --- Finished Analysis & Trading Cycle for: BCH/USDT ---
